[2016-06-21T21:22:23,876 ERROR] nl.bartpelle.veteres.services.redis.RedisService - Could not connect to Redis service on localhost:6379 with timeout 2000.
[2016-06-21T21:22:23,876 ERROR] nl.bartpelle.veteres.services.redis.RedisService - 	redis.clients.jedis.exceptions.JedisConnectionException: Could not get a resource from the pool
[2016-06-21T21:22:24,877 ERROR] nl.bartpelle.veteres.services.intercom.pm.RedisPmService - Cannot use Redis PM service if the Redis service failed to start
[2016-06-21T21:22:25,888 ERROR] nl.bartpelle.veteres.services.intercom.clanchat.RedisClanChatService - Cannot use Redis Clan Chat service if the Redis service failed to start
[2016-06-21T21:27:45,249 ERROR] nl.bartpelle.veteres.task.PacketProcessingTask - Error processing message PublicChat for player Gewagweageaw.
[2016-06-21T21:27:45,249 ERROR] nl.bartpelle.veteres.task.PacketProcessingTask - Caused by: 
java.lang.NullPointerException
	at nl.bartpelle.veteres.model.entity.player.PlayerSyncInfo.publicChatMessage(PlayerSyncInfo.java:190) ~[main/:?]
	at nl.bartpelle.veteres.net.message.game.action.PublicChat.process(PublicChat.java:30) ~[main/:?]
	at nl.bartpelle.veteres.task.PacketProcessingTask.lambda$null$112(PacketProcessingTask.java:23) ~[main/:?]
	at java.lang.Iterable.forEach(Iterable.java:75) ~[?:1.8.0_66]
	at nl.bartpelle.veteres.task.PacketProcessingTask.lambda$execute$113(PacketProcessingTask.java:21) ~[main/:?]
	at java.util.stream.ForEachOps$ForEachOp$OfRef.accept(ForEachOps.java:184) [?:1.8.0_66]
	at java.util.stream.ReferencePipeline$2$1.accept(ReferencePipeline.java:175) [?:1.8.0_66]
	at java.util.LinkedList$LLSpliterator.forEachRemaining(LinkedList.java:1235) [?:1.8.0_66]
	at java.util.stream.AbstractPipeline.copyInto(AbstractPipeline.java:481) [?:1.8.0_66]
	at java.util.stream.AbstractPipeline.wrapAndCopyInto(AbstractPipeline.java:471) [?:1.8.0_66]
	at java.util.stream.ForEachOps$ForEachOp.evaluateSequential(ForEachOps.java:151) [?:1.8.0_66]
	at java.util.stream.ForEachOps$ForEachOp$OfRef.evaluateSequential(ForEachOps.java:174) [?:1.8.0_66]
	at java.util.stream.AbstractPipeline.evaluate(AbstractPipeline.java:234) [?:1.8.0_66]
	at java.util.stream.ReferencePipeline.forEach(ReferencePipeline.java:418) [?:1.8.0_66]
	at nl.bartpelle.veteres.util.EntityList.forEachShuffled(EntityList.java:88) [main/:?]
	at nl.bartpelle.veteres.task.PacketProcessingTask.execute(PacketProcessingTask.java:20) [main/:?]
	at nl.bartpelle.veteres.ServerProcessor.process(ServerProcessor.java:126) [main/:?]
	at nl.bartpelle.veteres.ServerProcessor.run(ServerProcessor.java:99) [main/:?]
[2016-06-21T21:27:47,051 ERROR] nl.bartpelle.veteres.task.PacketProcessingTask - Error processing message PublicChat for player Gewagweageaw.
[2016-06-21T21:27:47,051 ERROR] nl.bartpelle.veteres.task.PacketProcessingTask - Caused by: 
java.lang.NullPointerException
	at nl.bartpelle.veteres.model.entity.player.PlayerSyncInfo.publicChatMessage(PlayerSyncInfo.java:190) ~[main/:?]
	at nl.bartpelle.veteres.net.message.game.action.PublicChat.process(PublicChat.java:30) ~[main/:?]
	at nl.bartpelle.veteres.task.PacketProcessingTask.lambda$null$112(PacketProcessingTask.java:23) ~[main/:?]
	at java.lang.Iterable.forEach(Iterable.java:75) ~[?:1.8.0_66]
	at nl.bartpelle.veteres.task.PacketProcessingTask.lambda$execute$113(PacketProcessingTask.java:21) ~[main/:?]
	at java.util.stream.ForEachOps$ForEachOp$OfRef.accept(ForEachOps.java:184) [?:1.8.0_66]
	at java.util.stream.ReferencePipeline$2$1.accept(ReferencePipeline.java:175) [?:1.8.0_66]
	at java.util.LinkedList$LLSpliterator.forEachRemaining(LinkedList.java:1235) [?:1.8.0_66]
	at java.util.stream.AbstractPipeline.copyInto(AbstractPipeline.java:481) [?:1.8.0_66]
	at java.util.stream.AbstractPipeline.wrapAndCopyInto(AbstractPipeline.java:471) [?:1.8.0_66]
	at java.util.stream.ForEachOps$ForEachOp.evaluateSequential(ForEachOps.java:151) [?:1.8.0_66]
	at java.util.stream.ForEachOps$ForEachOp$OfRef.evaluateSequential(ForEachOps.java:174) [?:1.8.0_66]
	at java.util.stream.AbstractPipeline.evaluate(AbstractPipeline.java:234) [?:1.8.0_66]
	at java.util.stream.ReferencePipeline.forEach(ReferencePipeline.java:418) [?:1.8.0_66]
	at nl.bartpelle.veteres.util.EntityList.forEachShuffled(EntityList.java:88) [main/:?]
	at nl.bartpelle.veteres.task.PacketProcessingTask.execute(PacketProcessingTask.java:20) [main/:?]
	at nl.bartpelle.veteres.ServerProcessor.process(ServerProcessor.java:126) [main/:?]
	at nl.bartpelle.veteres.ServerProcessor.run(ServerProcessor.java:99) [main/:?]
